10 LAC
HD130109
HD186427
HD146233
2MASS J17325264+7104431
2MASS J17403468+6527148
2MASS J17430448+6655015
2MASS J17571324+6703409
2MASS J18022716+6043356
2MASS J18052927+6427520
2MASS J18083474+6927286
2MASS J18120957+6329423
2MASS J18125240+6002319
2MASS J00361617+1821104
2MASS J05591914-1404488
AGK+81 266
Vega
BD+02 3375
BD-11 3759
BD+17 4708
HD284248
BD+26 2606
WD2148+286
BD+29 2091
HD233511
BD+60 1753
BD+75 325
2MASS J03323287-2751483
HD166205
HD120315
HD42525
FEIGE110
WD1036+433
BD+52 913
WD1254+223
WD0549+158
LAWD74
LAWD52
HD2811
HD009051
HR 701
HD031128
HD37725
HD37962
HD38949
HD55677
HD60753
HD074000
HD93521
HD101452
HD106252
HD111980
HD115169
HD116405
HD128998
HD142331
HD158485
HD159222
HD160617
HD163466
HD165459
HD167060
HD172728
HD180609
HD185975
HD200654
HD200775
HD205905
HD209458
WD2027+0651
WD0352+096
WD1211+332
WD1314+293
HZ43B
WD1321+364
2MASS J18040388+6655437
2MASS J17575849+6652293
2MASS J17583798+6646522
2MASS J17551622+6610116
KSI2 CETI
LAMBDA LEP
LAWD87
MU COL
NGC2506G31
NGC6681-1
NGC6681-2
NGC6681-3
NGC6681-4
NGC6681-5
NGC6681-6
NGC6681-7
NGC6681-8
NGC6681-9
NGC6681-10
NGC6681-11
NGC6681-12
2MASS J14515797+7143173
2MASS J15591357+4736419
2MASS J16313382+3008465
SDSS J132811.45+463050.8
2MASS J16181422+0000086
SIGMA ORI
SIRIUS
2MASS J16293576+5255532
2MASS J16194609+5534178
VB8
WD0148+467
WD0227+050
WD0809+177
WD1105-048
WD1105-340
WD1202-232
Gaia DR2 3630035787972473600
WD1544-377
WD1713+695
WD1911+536
WD1919+145
WD2039-682
WD2117+539
WD2126+734
WD2149+021
Gaia DR2 2871730307948650368
WD0308-565
WD0320-539
WD0947+857
WD1026+453
WD1057+719
Gaia DR2 1337946019956816256
Gaia DR2 5028544686500198144
SDSS J024854.96+334548.3
Gaia DR3 4764189621230467584
Gaia DR3 5484605140287436416
Gaia DR3 5421579652019276160
Gaia DR3 5401230062610609920
SDSS J111059.44-170954.2
WD1203-272
WD1211+459
WD1300+104
Gaia DR3 6222123588482712832
WD1511+009
WD1529-772
WD1556+559
WD1817+788
Gaia DR3 6431766714636858240
Gaia DR3 6646236009641999488
WD2314-293
SDSS J235144.29+375542.6
